[debug] [2022-06-24T18:15:10.902Z] ----------------------------------------------------------------------
[debug] [2022-06-24T18:15:10.905Z] Command:       C:\Program Files\nodejs\node.exe C:\Users\HP\AppData\Roaming\npm\node_modules\firebase-tools\lib\bin\firebase.js init
[debug] [2022-06-24T18:15:10.905Z] CLI Version:   11.1.0
[debug] [2022-06-24T18:15:10.905Z] Platform:      win32
[debug] [2022-06-24T18:15:10.906Z] Node Version:  v16.13.1
[debug] [2022-06-24T18:15:10.907Z] Time:          Sat Jun 25 2022 00:15:10 GMT+0600 (Bangladesh Standard Time)
[debug] [2022-06-24T18:15:10.907Z] ----------------------------------------------------------------------
[debug] 
[debug] [2022-06-24T18:15:10.915Z] > command requires scopes: ["email","openid","https://www.googleapis.com/auth/cloudplatformprojects.readonly","https://www.googleapis.com/auth/firebase","https://www.googleapis.com/auth/cloud-platform"]
[debug] [2022-06-24T18:15:10.916Z] > authorizing via signed-in user (armunna223@gmail.com)
[info] 
     ######## #### ########  ######## ########     ###     ######  ########
     ##        ##  ##     ## ##       ##     ##  ##   ##  ##       ##
     ######    ##  ########  ######   ########  #########  ######  ######
     ##        ##  ##    ##  ##       ##     ## ##     ##       ## ##
     ##       #### ##     ## ######## ########  ##     ##  ######  ########

You're about to initialize a Firebase project in this directory:

  D:\hero practice\hero\voting-system\five-minute-school

[info] 
=== Project Setup
[info] 
[info] First, let's associate this project directory with a Firebase project.
[info] You can create multiple project aliases by running firebase use --add, 
[info] but for now we'll just set up a default project.
[info] 
[debug] [2022-06-24T18:15:36.893Z] > refreshing access token with scopes: []
[debug] [2022-06-24T18:15:36.896Z] >>> [apiv2][query] POST https://www.googleapis.com/oauth2/v3/token [none]
[debug] [2022-06-24T18:15:36.896Z] >>> [apiv2][body] POST https://www.googleapis.com/oauth2/v3/token [omitted]
[debug] [2022-06-24T18:15:37.831Z] <<< [apiv2][status] POST https://www.googleapis.com/oauth2/v3/token 400
[debug] [2022-06-24T18:15:37.831Z] <<< [apiv2][body] POST https://www.googleapis.com/oauth2/v3/token [omitted]
[debug] [2022-06-24T18:15:37.832Z] >>> [apiv2][query] GET https://firebase.googleapis.com/v1beta1/projects pageSize=100
[debug] [2022-06-24T18:15:38.857Z] <<< [apiv2][status] GET https://firebase.googleapis.com/v1beta1/projects 401
[debug] [2022-06-24T18:15:38.857Z] <<< [apiv2][body] GET https://firebase.googleapis.com/v1beta1/projects [omitted]
[debug] [2022-06-24T18:15:38.857Z] HTTP Error: 401, Request had invalid authentication credentials. Expected OAuth 2 access token, login cookie or other valid authentication credential. See https://developers.google.com/identity/sign-in/web/devconsole-project.
[debug] [2022-06-24T18:15:39.973Z] FirebaseError: HTTP Error: 401, Request had invalid authentication credentials. Expected OAuth 2 access token, login cookie or other valid authentication credential. See https://developers.google.com/identity/sign-in/web/devconsole-project.
    at responseToError (C:\Users\HP\AppData\Roaming\npm\node_modules\firebase-tools\lib\responseToError.js:49:12)
    at RetryOperation._fn (C:\Users\HP\AppData\Roaming\npm\node_modules\firebase-tools\lib\apiv2.js:287:77)
    at processTicksAndRejections (node:internal/process/task_queues:96:5)
[error] 
[error] Error: Failed to list Firebase projects. See firebase-debug.log for more info.
[debug] [2022-06-24T18:16:22.529Z] ----------------------------------------------------------------------
[debug] [2022-06-24T18:16:22.531Z] Command:       C:\Program Files\nodejs\node.exe C:\Users\HP\AppData\Roaming\npm\node_modules\firebase-tools\lib\bin\firebase.js init
[debug] [2022-06-24T18:16:22.532Z] CLI Version:   11.1.0
[debug] [2022-06-24T18:16:22.532Z] Platform:      win32
[debug] [2022-06-24T18:16:22.532Z] Node Version:  v16.13.1
[debug] [2022-06-24T18:16:22.533Z] Time:          Sat Jun 25 2022 00:16:22 GMT+0600 (Bangladesh Standard Time)
[debug] [2022-06-24T18:16:22.534Z] ----------------------------------------------------------------------
[debug] 
[debug] [2022-06-24T18:16:22.542Z] > command requires scopes: ["email","openid","https://www.googleapis.com/auth/cloudplatformprojects.readonly","https://www.googleapis.com/auth/firebase","https://www.googleapis.com/auth/cloud-platform"]
[debug] [2022-06-24T18:16:22.543Z] > authorizing via signed-in user (armunna223@gmail.com)
[info] 
     ######## #### ########  ######## ########     ###     ######  ########
     ##        ##  ##     ## ##       ##     ##  ##   ##  ##       ##
     ######    ##  ########  ######   ########  #########  ######  ######
     ##        ##  ##    ##  ##       ##     ## ##     ##       ## ##
     ##       #### ##     ## ######## ########  ##     ##  ######  ########

You're about to initialize a Firebase project in this directory:

  D:\hero practice\hero\voting-system\five-minute-school

[info] 
=== Project Setup
[info] 
[info] First, let's associate this project directory with a Firebase project.
[info] You can create multiple project aliases by running firebase use --add, 
[info] but for now we'll just set up a default project.
[info] 
[debug] [2022-06-24T18:23:33.477Z] > refreshing access token with scopes: []
[debug] [2022-06-24T18:23:33.480Z] >>> [apiv2][query] POST https://www.googleapis.com/oauth2/v3/token [none]
[debug] [2022-06-24T18:23:33.480Z] >>> [apiv2][body] POST https://www.googleapis.com/oauth2/v3/token [omitted]
[debug] [2022-06-24T18:23:34.387Z] <<< [apiv2][status] POST https://www.googleapis.com/oauth2/v3/token 400
[debug] [2022-06-24T18:23:34.388Z] <<< [apiv2][body] POST https://www.googleapis.com/oauth2/v3/token [omitted]
[debug] [2022-06-24T18:23:34.389Z] >>> [apiv2][query] GET https://firebase.googleapis.com/v1beta1/projects pageSize=100
[debug] [2022-06-24T18:23:35.218Z] <<< [apiv2][status] GET https://firebase.googleapis.com/v1beta1/projects 401
[debug] [2022-06-24T18:23:35.218Z] <<< [apiv2][body] GET https://firebase.googleapis.com/v1beta1/projects [omitted]
[debug] [2022-06-24T18:23:35.218Z] HTTP Error: 401, Request had invalid authentication credentials. Expected OAuth 2 access token, login cookie or other valid authentication credential. See https://developers.google.com/identity/sign-in/web/devconsole-project.
[debug] [2022-06-24T18:23:36.305Z] FirebaseError: HTTP Error: 401, Request had invalid authentication credentials. Expected OAuth 2 access token, login cookie or other valid authentication credential. See https://developers.google.com/identity/sign-in/web/devconsole-project.
    at responseToError (C:\Users\HP\AppData\Roaming\npm\node_modules\firebase-tools\lib\responseToError.js:49:12)
    at RetryOperation._fn (C:\Users\HP\AppData\Roaming\npm\node_modules\firebase-tools\lib\apiv2.js:287:77)
    at processTicksAndRejections (node:internal/process/task_queues:96:5)
[error] 
[error] Error: Failed to list Firebase projects. See firebase-debug.log for more info.
